
16/11/2014 05:48:30 AM INFO:Starting application: version 7.0
16/11/2014 05:48:30 AM INFO:Connecting to https://chaturbate.com/auth/login/
16/11/2014 05:48:30 AM INFO:Starting new HTTPS connection (1): chaturbate.com
16/11/2014 05:48:39 AM ERROR:Error during connection to https://chaturbate.com/auth/login/
16/11/2014 05:48:39 AM ERROR:[Errno 8] _ssl.c:504: EOF occurred in violation of protocol
16/11/2014 05:48:39 AM ERROR:Trying again after 60 seconds
16/11/2014 05:50:44 AM INFO:Starting application: version 7.0
16/11/2014 05:50:44 AM INFO:Connecting to https://chaturbate.com/auth/login/
16/11/2014 05:50:44 AM INFO:Starting new HTTPS connection (1): chaturbate.com
16/11/2014 05:51:16 AM INFO:Starting application: version 7.0
16/11/2014 05:51:16 AM INFO:Connecting to https://chaturbate.com/auth/login/
16/11/2014 05:51:16 AM INFO:Starting new HTTPS connection (1): chaturbate.com
16/11/2014 05:51:38 AM ERROR:Error posting to https://chaturbate.com/auth/login/
16/11/2014 05:51:38 AM ERROR:('Connection aborted.', BadStatusLine("''",))
16/11/2014 05:53:04 AM INFO:Starting application: version 7.0
16/11/2014 05:53:04 AM INFO:Connecting to https://chaturbate.com/auth/login/
16/11/2014 05:53:04 AM INFO:Starting new HTTPS connection (1): chaturbate.com
16/11/2014 05:53:30 AM ERROR:Some error during connecting to https://chaturbate.com/auth/login/
16/11/2014 05:53:30 AM ERROR:('Connection aborted.', error(111, 'Connection refused'))
16/11/2014 05:53:30 AM ERROR:Trying again after 60 seconds
